<?xml version="1.0" encoding="UTF-8"?>
<!-- Generated by org.testng.reporters.JUnitReportReporter -->
<testsuite hostname="Raghu" failures="0" tests="4" name="com.citi.api.test.UserTests" time="8.463" errors="0" timestamp="2024-02-04T10:23:51 IST" skipped="0">
  <testcase classname="com.citi.api.test.UserTests" name="testPostUser" time="3.153"/>
  <system-out/>
  <testcase classname="com.citi.api.test.UserTests" name="testGetUserByName" time="1.633"/>
  <system-out/>
  <testcase classname="com.citi.api.test.UserTests" name="testUpdateUserByName" time="2.397"/>
  <system-out/>
  <testcase classname="com.citi.api.test.UserTests" name="testDeleteUserByName" time="1.280"/>
  <system-out/>
</testsuite> <!-- com.citi.api.test.UserTests -->
