<?xml version="1.0" encoding="UTF-8"?>
<!-- Generated by org.testng.reporters.JUnitReportReporter -->
<testsuite hostname="Raghu" failures="0" tests="4" name="com.citi.api.test.UserTests2" time="8.069" errors="0" timestamp="2024-02-04T10:19:48 IST" skipped="0">
  <testcase classname="com.citi.api.test.UserTests2" name="testPostUser" time="2.936"/>
  <system-out/>
  <testcase classname="com.citi.api.test.UserTests2" name="testGetUserByName" time="1.454"/>
  <system-out/>
  <testcase classname="com.citi.api.test.UserTests2" name="testUpdateUserByName" time="2.473"/>
  <system-out/>
  <testcase classname="com.citi.api.test.UserTests2" name="testDeleteUserByName" time="1.206"/>
  <system-out/>
</testsuite> <!-- com.citi.api.test.UserTests2 -->
