<?xml version="1.0" encoding="UTF-8"?>
<!-- Generated by org.testng.reporters.JUnitReportReporter -->
<testsuite hostname="Raghu" failures="0" tests="4" name="com.citi.api.test.UserTests" time="8.637" errors="0" timestamp="2024-02-04T11:09:18 IST" skipped="0">
  <testcase classname="com.citi.api.test.UserTests" name="testPostUser" time="3.327"/>
  <system-out/>
  <testcase classname="com.citi.api.test.UserTests" name="testGetUserByName" time="1.305"/>
  <system-out/>
  <testcase classname="com.citi.api.test.UserTests" name="testUpdateUserByName" time="2.635"/>
  <system-out/>
  <testcase classname="com.citi.api.test.UserTests" name="testDeleteUserByName" time="1.370"/>
  <system-out/>
</testsuite> <!-- com.citi.api.test.UserTests -->
